0 verbose cli C:\Program Files\nodejs\node.exe C:\Users\Lenovo\AppData\Roaming\npm\node_modules\npm\bin\npm-cli.js
1 info using npm@9.6.6
2 info using node@v16.17.0
3 timing npm:load:whichnode Completed in 6ms
4 timing config:load:defaults Completed in 13ms
5 timing config:load:file:C:\Users\Lenovo\AppData\Roaming\npm\node_modules\npm\npmrc Completed in 6ms
6 timing config:load:builtin Completed in 6ms
7 timing config:load:cli Completed in 6ms
8 timing config:load:env Completed in 3ms
9 timing config:load:file:D:\FYP\mobile App\SktechToShoe_FYP_CycleGan_Model\.npmrc Completed in 1ms
10 timing config:load:project Completed in 4ms
11 timing config:load:file:C:\Users\Lenovo\.npmrc Completed in 2ms
12 timing config:load:user Completed in 3ms
13 timing config:load:file:C:\Users\Lenovo\AppData\Roaming\npm\etc\npmrc Completed in 0ms
14 timing config:load:global Completed in 1ms
15 timing config:load:setEnvs Completed in 3ms
16 timing config:load Completed in 51ms
17 timing npm:load:configload Completed in 51ms
18 timing npm:load:mkdirpcache Completed in 1ms
19 timing npm:load:mkdirplogs Completed in 1ms
20 verbose title npm start
21 verbose argv "start" "--cache" "clean"
22 timing npm:load:setTitle Completed in 10ms
23 timing config:load:flatten Completed in 14ms
24 timing npm:load:display Completed in 19ms
25 verbose logfile logs-max:10 dir:D:\FYP\mobile App\SktechToShoe_FYP_CycleGan_Model\clean\_logs\2023-05-08T18_53_38_048Z-
26 verbose logfile D:\FYP\mobile App\SktechToShoe_FYP_CycleGan_Model\clean\_logs\2023-05-08T18_53_38_048Z-debug-0.log
27 timing npm:load:logFile Completed in 54ms
28 timing npm:load:timers Completed in 0ms
29 timing npm:load:configScope Completed in 0ms
30 timing npm:load Completed in 146ms
31 silly logfile done cleaning log files
32 http fetch GET 200 https://registry.npmjs.org/npm 5203ms (cache miss)
33 http fetch GET 200 https://registry.npmjs.org/npm 5374ms (cache miss)
